Performing C SOURCE FILE Test CMAKE_HAVE_LIBC_PTHREAD failed with the following output:
Change Dir: /home/hassouna/rs_ws/src/robosherlock/robosherlock/cmake-build-debug/CMakeFiles/CMakeTmp

Run Build Command(s):/usr/bin/make -f Makefile cmTC_5a4bc/fast && /usr/bin/make  -f CMakeFiles/cmTC_5a4bc.dir/build.make CMakeFiles/cmTC_5a4bc.dir/build
make[1]: Entering directory '/home/hassouna/rs_ws/src/robosherlock/robosherlock/cmake-build-debug/CMakeFiles/CMakeTmp'
Building C object CMakeFiles/cmTC_5a4bc.dir/src.c.o
/usr/bin/cc -DCMAKE_HAVE_LIBC_PTHREAD   -o CMakeFiles/cmTC_5a4bc.dir/src.c.o -c /home/hassouna/rs_ws/src/robosherlock/robosherlock/cmake-build-debug/CMakeFiles/CMakeTmp/src.c
Linking C executable cmTC_5a4bc
/snap/clion/169/bin/cmake/linux/bin/cmake -E cmake_link_script CMakeFiles/cmTC_5a4bc.dir/link.txt --verbose=1
/usr/bin/cc -rdynamic CMakeFiles/cmTC_5a4bc.dir/src.c.o -o cmTC_5a4bc 
/usr/bin/ld: CMakeFiles/cmTC_5a4bc.dir/src.c.o: in function `main':
src.c:(.text+0x46): undefined reference to `pthread_create'
/usr/bin/ld: src.c:(.text+0x52): undefined reference to `pthread_detach'
/usr/bin/ld: src.c:(.text+0x5e): undefined reference to `pthread_cancel'
/usr/bin/ld: src.c:(.text+0x6f): undefined reference to `pthread_join'
collect2: error: ld returned 1 exit status
make[1]: *** [CMakeFiles/cmTC_5a4bc.dir/build.make:99: cmTC_5a4bc] Error 1
make[1]: Leaving directory '/home/hassouna/rs_ws/src/robosherlock/robosherlock/cmake-build-debug/CMakeFiles/CMakeTmp'
make: *** [Makefile:127: cmTC_5a4bc/fast] Error 2


Source file was:
#include <pthread.h>

static void* test_func(void* data)
{
  return data;
}

int main(void)
{
  pthread_t thread;
  pthread_create(&thread, NULL, test_func, NULL);
  pthread_detach(thread);
  pthread_cancel(thread);
  pthread_join(thread, NULL);
  pthread_atfork(NULL, NULL, NULL);
  pthread_exit(NULL);

  return 0;
}

Determining if the function pthread_create exists in the pthreads failed with the following output:
Change Dir: /home/hassouna/rs_ws/src/robosherlock/robosherlock/cmake-build-debug/CMakeFiles/CMakeTmp

Run Build Command(s):/usr/bin/make -f Makefile cmTC_d6189/fast && /usr/bin/make  -f CMakeFiles/cmTC_d6189.dir/build.make CMakeFiles/cmTC_d6189.dir/build
make[1]: Entering directory '/home/hassouna/rs_ws/src/robosherlock/robosherlock/cmake-build-debug/CMakeFiles/CMakeTmp'
Building C object CMakeFiles/cmTC_d6189.dir/CheckFunctionExists.c.o
/usr/bin/cc   -DCHECK_FUNCTION_EXISTS=pthread_create -o CMakeFiles/cmTC_d6189.dir/CheckFunctionExists.c.o -c /snap/clion/169/bin/cmake/linux/share/cmake-3.20/Modules/CheckFunctionExists.c
Linking C executable cmTC_d6189
/snap/clion/169/bin/cmake/linux/bin/cmake -E cmake_link_script CMakeFiles/cmTC_d6189.dir/link.txt --verbose=1
/usr/bin/cc  -DCHECK_FUNCTION_EXISTS=pthread_create -rdynamic CMakeFiles/cmTC_d6189.dir/CheckFunctionExists.c.o -o cmTC_d6189  -lpthreads 
/usr/bin/ld: cannot find -lpthreads
collect2: error: ld returned 1 exit status
make[1]: *** [CMakeFiles/cmTC_d6189.dir/build.make:99: cmTC_d6189] Error 1
make[1]: Leaving directory '/home/hassouna/rs_ws/src/robosherlock/robosherlock/cmake-build-debug/CMakeFiles/CMakeTmp'
make: *** [Makefile:127: cmTC_d6189/fast] Error 2



